<?xml version="1.0" encoding="utf-8"?><testsuites name="pytest tests"><testsuite name="pytest" errors="0" failures="4" skipped="0" tests="30" time="3.191" timestamp="2026-08-15T14:45:48.529320+00:00" hostname="agent-env-0c3fd012-03db-4d07-b405-56da0b1a8db2"><testcase classname="tests.backend_test.TestCatalogue" name="test_api_root" time="0.266" /><testcase classname="tests.backend_test.TestOrders" name="test_recharge_order_create_and_get" time="0.404" /><testcase classname="tests.backend_test.TestCatalogue" name="test_list_products_seeded_and_structured" time="0.060" /><testcase classname="tests.backend_test.TestCatalogue" name="test_get_seeded_product[youtube]" time="0.094" /><testcase classname="tests.backend_test.TestOrders" name="test_shared_duration_and_total" time="0.043" /><testcase classname="tests.backend_test.TestCatalogue" name="test_get_seeded_product[spotify]" time="0.101" /><testcase classname="tests.backend_test.TestOrders" name="test_invalid_order_options[payload0-404]" time="0.113" /><testcase classname="tests.backend_test.TestCatalogue" name="test_requested_domain_subs_product_route" time="0.068"><failure message="AssertionError: Review request says /api/products/domain-subs works, but it did not&#10;assert 404 == 200&#10; +  where 404 = &lt;Response [404]&gt;.status_code">backend/tests/backend_test.py:121: in test_requested_domain_subs_product_route
    assert response.status_code == 200, "Review request says /api/products/domain-subs works, but it did not"
E   AssertionError: Review request says /api/products/domain-subs works, but it did not
E   assert 404 == 200
E    +  where 404 = &lt;Response [404]&gt;.status_code</failure></testcase><testcase classname="tests.backend_test.TestOrders" name="test_invalid_order_options[payload1-400]" time="0.087" /><testcase classname="tests.backend_test.TestCatalogue" name="test_unknown_product_is_404" time="0.054" /><testcase classname="tests.backend_test.TestOrders" name="test_invalid_order_options[payload2-400]" time="0.087" /><testcase classname="tests.backend_test.TestAdminAuth" name="test_wrong_password_is_rejected" time="0.070" /><testcase classname="tests.backend_test.TestOrders" name="test_malformed_buyer_email_is_rejected" time="0.050"><failure message="AssertionError: Malformed buyer email was accepted and an order was created&#10;assert 200 in (400, 422)&#10; +  where 200 = &lt;Response [200]&gt;.status_code">backend/tests/backend_test.py:339: in test_malformed_buyer_email_is_rejected
    assert response.status_code in (400, 422), "Malformed buyer email was accepted and an order was created"
E   AssertionError: Malformed buyer email was accepted and an order was created
E   assert 200 in (400, 422)
E    +  where 200 = &lt;Response [200]&gt;.status_code</failure></testcase><testcase classname="tests.backend_test.TestAdminAuth" name="test_fifth_failure_locks_ip" time="0.348" /><testcase classname="tests.backend_test.TestOrders" name="test_unknown_order_is_404" time="0.053" /><testcase classname="tests.backend_test.TestOrders" name="test_credentials_only_allowed_for_recharge" time="0.093" /><testcase classname="tests.backend_test.TestRechargeWorkflow" name="test_submit_credentials_updates_status_without_buyer_password_leak" time="0.132" /><testcase classname="tests.backend_test.TestRechargeWorkflow" name="test_buyer_and_admin_chat_round_trip" time="0.325" /><testcase classname="tests.backend_test.TestAdminAuth" name="test_admin_me_with_valid_jwt" time="0.162" /><testcase classname="tests.backend_test.TestAdminAuth" name="test_admin_me_rejects_invalid_auth[headers0]" time="0.062" /><testcase classname="tests.backend_test.TestAdminAuth" name="test_admin_me_rejects_invalid_auth[headers1]" time="0.056" /><testcase classname="tests.backend_test.TestNotify" name="test_invalid_notify_email_rejected" time="0.092" /><testcase classname="tests.backend_test.TestRechargeWorkflow" name="test_whitespace_only_chat_is_rejected" time="0.045"><failure message="AssertionError: Whitespace-only messages must not be persisted&#10;assert 200 == 422&#10; +  where 200 = &lt;Response [200]&gt;.status_code">backend/tests/backend_test.py:412: in test_whitespace_only_chat_is_rejected
    assert response.status_code == 422, "Whitespace-only messages must not be persisted"
E   AssertionError: Whitespace-only messages must not be persisted
E   assert 200 == 422
E    +  where 200 = &lt;Response [200]&gt;.status_code</failure></testcase><testcase classname="tests.backend_test.TestNotify" name="test_notify_is_idempotent_and_admin_listed" time="0.184" /><testcase classname="tests.backend_test.TestRechargeWorkflow" name="test_admin_lists_order_and_updates_status" time="0.182" /><testcase classname="tests.backend_test.TestNotify" name="test_notify_list_requires_admin" time="0.051" /><testcase classname="tests.backend_test.TestRechargeWorkflow" name="test_admin_order_endpoints_require_auth" time="0.090" /><testcase classname="tests.backend_test.TestAdminProductCRUD" name="test_create_update_delete_product_persists" time="0.613" /><testcase classname="tests.backend_test.TestAdminProductCRUD" name="test_negative_plan_price_is_rejected" time="0.158"><failure message="AssertionError: Negative prices must fail request validation&#10;assert 200 == 422&#10; +  where 200 = &lt;Response [200]&gt;.status_code">backend/tests/backend_test.py:267: in test_negative_plan_price_is_rejected
    assert response.status_code == 422, "Negative prices must fail request validation"
E   AssertionError: Negative prices must fail request validation
E   assert 200 == 422
E    +  where 200 = &lt;Response [200]&gt;.status_code</failure></testcase><testcase classname="tests.backend_test.TestAdminProductCRUD" name="test_product_mutations_require_admin" time="0.068" /></testsuite></testsuites>