<?xml version="1.0" encoding="utf-8"?><testsuites name="pytest tests"><testsuite name="pytest" errors="0" failures="1" skipped="0" tests="19" time="14.162" timestamp="2026-08-15T16:08:58.187141+00:00" hostname="agent-env-0c3fd012-03db-4d07-b405-56da0b1a8db2"><testcase classname="tests.backend_test.TestAccountOrders" name="test_cors_preflight_supports_credentials_for_public_origin" time="0.102"><failure message="AssertionError: assert None == 'true'&#10; +  where None = get('access-control-allow-credentials')&#10; +    where get = {'Date': 'Sat, 15 Aug 2026 16:08:58 GMT', 'Connection': 'keep-alive', 'Access-Control-Allow-Origin': '*', 'Access-Control-Allow-Headers': '*', 'Access-Control-Allow-Methods': 'GET, POST, PUT, DELETE, OPTIONS, HEAD, PATCH', 'Access-Control-Max-Age': '300', 'set-cookie': '__cf_bm=X64uZoog_1NQXgx5Ufaj2K_A_G4Bhh2ap2HGdCTwAyo-1786810138.940691-1.0.1.1-0tEAOGSP3N_gKT_6Eo3aG0_cIAsgMO.WIjzezLxRVkzUyUmqnsUeqm5ea3USOvSnGY.mHjceNd1zvxMWXMam_CBHh2yqM1tkuGGtikQAMaWgf1dR.crTbLoA3dzXEcCf; HttpOnly; SameSite=None; Secure; Path=/; Domain=preview.emergentagent.com; Expires=Sat, 15 Aug 2026 16:38:58 GMT', 'X-Robots-Tag': 'noindex, nofollow', 'Server': 'cloudflare', 'CF-RAY': 'a2b976085cb90ed2-ORD'}.get&#10; +      where {'Date': 'Sat, 15 Aug 2026 16:08:58 GMT', 'Connection': 'keep-alive', 'Access-Control-Allow-Origin': '*', 'Access-Control-Allow-Headers': '*', 'Access-Control-Allow-Methods': 'GET, POST, PUT, DELETE, OPTIONS, HEAD, PATCH', 'Access-Control-Max-Age': '300', 'set-cookie': '__cf_bm=X64uZoog_1NQXgx5Ufaj2K_A_G4Bhh2ap2HGdCTwAyo-1786810138.940691-1.0.1.1-0tEAOGSP3N_gKT_6Eo3aG0_cIAsgMO.WIjzezLxRVkzUyUmqnsUeqm5ea3USOvSnGY.mHjceNd1zvxMWXMam_CBHh2yqM1tkuGGtikQAMaWgf1dR.crTbLoA3dzXEcCf; HttpOnly; SameSite=None; Secure; Path=/; Domain=preview.emergentagent.com; Expires=Sat, 15 Aug 2026 16:38:58 GMT', 'X-Robots-Tag': 'noindex, nofollow', 'Server': 'cloudflare', 'CF-RAY': 'a2b976085cb90ed2-ORD'} = &lt;Response [204]&gt;.headers">backend/tests/backend_test.py:234: in test_cors_preflight_supports_credentials_for_public_origin
    assert response.headers.get("access-control-allow-credentials") == "true"
E   AssertionError: assert None == 'true'
E    +  where None = get('access-control-allow-credentials')
E    +    where get = {'Date': 'Sat, 15 Aug 2026 16:08:58 GMT', 'Connection': 'keep-alive', 'Access-Control-Allow-Origin': '*', 'Access-Control-Allow-Headers': '*', 'Access-Control-Allow-Methods': 'GET, POST, PUT, DELETE, OPTIONS, HEAD, PATCH', 'Access-Control-Max-Age': '300', 'set-cookie': '__cf_bm=X64uZoog_1NQXgx5Ufaj2K_A_G4Bhh2ap2HGdCTwAyo-1786810138.940691-1.0.1.1-0tEAOGSP3N_gKT_6Eo3aG0_cIAsgMO.WIjzezLxRVkzUyUmqnsUeqm5ea3USOvSnGY.mHjceNd1zvxMWXMam_CBHh2yqM1tkuGGtikQAMaWgf1dR.crTbLoA3dzXEcCf; HttpOnly; SameSite=None; Secure; Path=/; Domain=preview.emergentagent.com; Expires=Sat, 15 Aug 2026 16:38:58 GMT', 'X-Robots-Tag': 'noindex, nofollow', 'Server': 'cloudflare', 'CF-RAY': 'a2b976085cb90ed2-ORD'}.get
E    +      where {'Date': 'Sat, 15 Aug 2026 16:08:58 GMT', 'Connection': 'keep-alive', 'Access-Control-Allow-Origin': '*', 'Access-Control-Allow-Headers': '*', 'Access-Control-Allow-Methods': 'GET, POST, PUT, DELETE, OPTIONS, HEAD, PATCH', 'Access-Control-Max-Age': '300', 'set-cookie': '__cf_bm=X64uZoog_1NQXgx5Ufaj2K_A_G4Bhh2ap2HGdCTwAyo-1786810138.940691-1.0.1.1-0tEAOGSP3N_gKT_6Eo3aG0_cIAsgMO.WIjzezLxRVkzUyUmqnsUeqm5ea3USOvSnGY.mHjceNd1zvxMWXMam_CBHh2yqM1tkuGGtikQAMaWgf1dR.crTbLoA3dzXEcCf; HttpOnly; SameSite=None; Secure; Path=/; Domain=preview.emergentagent.com; Expires=Sat, 15 Aug 2026 16:38:58 GMT', 'X-Robots-Tag': 'noindex, nofollow', 'Server': 'cloudflare', 'CF-RAY': 'a2b976085cb90ed2-ORD'} = &lt;Response [204]&gt;.headers</failure></testcase><testcase classname="tests.backend_test.TestBuyerAuth" name="test_register_logs_in_and_sets_secure_httponly_cookies" time="0.464" /><testcase classname="tests.backend_test.TestAccountOrders" name="test_order_create_requires_login" time="0.383" /><testcase classname="tests.backend_test.TestBuyerAuth" name="test_password_hash_uses_bcrypt_2b" time="0.007" /><testcase classname="tests.backend_test.TestBuyerAuth" name="test_duplicate_email_registration_is_clear_400" time="0.100" /><testcase classname="tests.backend_test.TestBuyerAuth" name="test_registration_validation[payload0]" time="0.122" /><testcase classname="tests.backend_test.TestBuyerAuth" name="test_registration_validation[payload1]" time="0.265" /><testcase classname="tests.backend_test.TestBuyerAuth" name="test_email_password_sign_in" time="0.517" /><testcase classname="tests.backend_test.TestAccountOrders" name="test_authenticated_order_derives_buyer_and_persists" time="0.959" /><testcase classname="tests.backend_test.TestAccountOrders" name="test_my_orders_is_auth_required_and_isolated" time="0.864" /><testcase classname="tests.backend_test.TestBuyerAuth" name="test_wrong_password_is_401_then_fifth_failure_is_429" time="2.172" /><testcase classname="tests.backend_test.TestLiveSupportTickets" name="test_ticket_round_trip_and_status_toggle" time="2.392" /><testcase classname="tests.backend_test.TestBuyerAuth" name="test_refresh_reissues_access_cookie" time="0.504" /><testcase classname="tests.backend_test.TestBuyerAuth" name="test_logout_clears_session" time="0.414" /><testcase classname="tests.backend_test.TestBuyerAuth" name="test_fake_google_session_is_rejected" time="7.400" /><testcase classname="tests.backend_test.TestLiveSupportTickets" name="test_ticket_endpoints_require_correct_role" time="5.499" /><testcase classname="tests.backend_test.TestLiveSupportTickets" name="test_whitespace_support_message_is_rejected" time="0.093" /><testcase classname="tests.backend_test.TestLegacyOrderTokenChat" name="test_recharge_credentials_and_order_chat_still_work" time="0.749" /><testcase classname="tests.backend_test.TestLegacyOrderTokenChat" name="test_old_support_endpoints_are_removed" time="0.214" /></testsuite></testsuites>