<?xml version="1.0" encoding="utf-8"?><testsuites name="pytest tests"><testsuite name="pytest" errors="0" failures="0" skipped="0" tests="5" time="2.986" timestamp="2026-08-15T16:18:41.852968+00:00" hostname="agent-env-0c3fd012-03db-4d07-b405-56da0b1a8db2"><testcase classname="tests.test_iteration8_fixes.TestDirectBackendCors" name="test_auth_me_exact_origin_credentials[OPTIONS]" time="0.006" /><testcase classname="tests.test_iteration8_fixes.TestAuthFixes" name="test_register_and_login_after_async_bcrypt_change" time="0.956" /><testcase classname="tests.test_iteration8_fixes.TestDirectBackendCors" name="test_auth_me_exact_origin_credentials[GET]" time="0.007" /><testcase classname="tests.test_iteration8_fixes.TestTargetedSmoke" name="test_order_and_live_ticket_round_trip" time="1.706" /><testcase classname="tests.test_iteration8_fixes.TestAuthFixes" name="test_simultaneous_duplicate_registration_returns_200_and_clean_400" time="0.741" /></testsuite></testsuites>