<?xml version="1.0" encoding="utf-8"?><testsuites name="pytest tests"><testsuite name="pytest" errors="0" failures="0" skipped="0" tests="16" time="2.026" timestamp="2026-08-14T12:10:36.376300+00:00" hostname="agent-env-7daee449-9e17-4f98-bd5b-89e519a4efa4"><testcase classname="tests.backend_test" name="test_list_products_seeded" time="0.313" /><testcase classname="tests.backend_test" name="test_get_product_youtube" time="0.052" /><testcase classname="tests.backend_test" name="test_get_product_404" time="0.050" /><testcase classname="tests.backend_test" name="test_notify_invalid_email" time="0.050" /><testcase classname="tests.backend_test" name="test_notify_valid_email" time="0.052" /><testcase classname="tests.backend_test" name="test_admin_login_wrong" time="0.054" /><testcase classname="tests.backend_test" name="test_admin_me" time="0.097" /><testcase classname="tests.backend_test" name="test_admin_unauthorized" time="0.047" /><testcase classname="tests.backend_test" name="test_admin_product_crud" time="0.306" /><testcase classname="tests.backend_test" name="test_order_invalid_email" time="0.048" /><testcase classname="tests.backend_test" name="test_order_unknown_plan" time="0.050" /><testcase classname="tests.backend_test" name="test_order_created_simulated" time="0.051" /><testcase classname="tests.backend_test" name="test_get_order_by_token" time="0.054" /><testcase classname="tests.backend_test" name="test_admin_orders_list_contains_new" time="0.050" /><testcase classname="tests.backend_test" name="test_submit_credentials_and_chat" time="0.199" /><testcase classname="tests.backend_test" name="test_admin_notify_signups" time="0.051" /></testsuite></testsuites>